<?xml version="1.0" encoding="UTF-8"?>
<!-- Generated by org.testng.reporters.JUnitReportReporter -->
<testsuite hostname="Maheshs-MacBook-Air.local" failures="0" tests="1" name="eCommerce.HomePageTest" time="100.767" errors="0" timestamp="2025-04-20T11:55:59 IST" skipped="0">
  <testcase classname="eCommerce.HomePageTest" name="testHomePage" time="100.767"/>
</testsuite> <!-- eCommerce.HomePageTest -->
