<?xml version="1.0" encoding="UTF-8"?>
<!-- Generated by org.testng.reporters.JUnitReportReporter -->
<testsuite hostname="Maheshs-MacBook-Air.local" failures="0" tests="4" name="eCommerce.SearchPageTest" time="526.703" errors="0" timestamp="2025-04-20T11:55:59 IST" skipped="0">
  <testcase classname="eCommerce.SearchPageTest" name="verifySearch" time="101.471"/>
  <testcase classname="eCommerce.SearchPageTest" name="verifySearch" time="175.614"/>
  <testcase classname="eCommerce.SearchPageTest" name="verifySearch" time="127.518"/>
  <testcase classname="eCommerce.SearchPageTest" name="verifySearch" time="122.100"/>
</testsuite> <!-- eCommerce.SearchPageTest -->
